0 info it worked if it ends with ok
1 verbose cli [ '/opt/boxen/nodenv/versions/v0.10/bin/node',
1 verbose cli   '/opt/boxen/nodenv/versions/v0.10/bin/npm',
1 verbose cli   'publish' ]
2 info using npm@1.3.11
3 info using node@v0.10.21
4 verbose node symlink /opt/boxen/nodenv/versions/v0.10/bin/node
5 verbose publish [ '.' ]
6 verbose cache add [ '.', null ]
7 verbose cache add name=undefined spec="." args=[".",null]
8 verbose parsed url { protocol: null,
8 verbose parsed url   slashes: null,
8 verbose parsed url   auth: null,
8 verbose parsed url   host: null,
8 verbose parsed url   port: null,
8 verbose parsed url   hostname: null,
8 verbose parsed url   hash: null,
8 verbose parsed url   search: null,
8 verbose parsed url   query: null,
8 verbose parsed url   pathname: '.',
8 verbose parsed url   path: '.',
8 verbose parsed url   href: '.' }
9 silly lockFile 3a52ce78- .
10 verbose lock . /Users/jessicalord/.npm/3a52ce78-.lock
11 verbose tar pack [ '/var/folders/tf/3n8vq7dx3md03s8xf6m7b2t80000gn/T/npm-19966-nNYEDA3T/1392187640912-0.11270332429558039/tmp.tgz',
11 verbose tar pack   '.' ]
12 verbose tarball /var/folders/tf/3n8vq7dx3md03s8xf6m7b2t80000gn/T/npm-19966-nNYEDA3T/1392187640912-0.11270332429558039/tmp.tgz
13 verbose folder .
14 silly lockFile 1f1177db-tar tar://.
15 verbose lock tar://. /Users/jessicalord/.npm/1f1177db-tar.lock
16 silly lockFile 822331ca-0912-0-11270332429558039-tmp-tgz tar:///var/folders/tf/3n8vq7dx3md03s8xf6m7b2t80000gn/T/npm-19966-nNYEDA3T/1392187640912-0.11270332429558039/tmp.tgz
17 verbose lock tar:///var/folders/tf/3n8vq7dx3md03s8xf6m7b2t80000gn/T/npm-19966-nNYEDA3T/1392187640912-0.11270332429558039/tmp.tgz /Users/jessicalord/.npm/822331ca-0912-0-11270332429558039-tmp-tgz.lock
18 silly lockFile 1f1177db-tar tar://.
19 silly lockFile 1f1177db-tar tar://.
20 silly lockFile 822331ca-0912-0-11270332429558039-tmp-tgz tar:///var/folders/tf/3n8vq7dx3md03s8xf6m7b2t80000gn/T/npm-19966-nNYEDA3T/1392187640912-0.11270332429558039/tmp.tgz
21 silly lockFile 822331ca-0912-0-11270332429558039-tmp-tgz tar:///var/folders/tf/3n8vq7dx3md03s8xf6m7b2t80000gn/T/npm-19966-nNYEDA3T/1392187640912-0.11270332429558039/tmp.tgz
22 verbose tar unpack /var/folders/tf/3n8vq7dx3md03s8xf6m7b2t80000gn/T/npm-19966-nNYEDA3T/1392187640912-0.11270332429558039/tmp.tgz
23 silly lockFile ff7ff32b-0912-0-11270332429558039-package tar:///var/folders/tf/3n8vq7dx3md03s8xf6m7b2t80000gn/T/npm-19966-nNYEDA3T/1392187640912-0.11270332429558039/package
24 verbose lock tar:///var/folders/tf/3n8vq7dx3md03s8xf6m7b2t80000gn/T/npm-19966-nNYEDA3T/1392187640912-0.11270332429558039/package /Users/jessicalord/.npm/ff7ff32b-0912-0-11270332429558039-package.lock
25 silly lockFile 822331ca-0912-0-11270332429558039-tmp-tgz tar:///var/folders/tf/3n8vq7dx3md03s8xf6m7b2t80000gn/T/npm-19966-nNYEDA3T/1392187640912-0.11270332429558039/tmp.tgz
26 verbose lock tar:///var/folders/tf/3n8vq7dx3md03s8xf6m7b2t80000gn/T/npm-19966-nNYEDA3T/1392187640912-0.11270332429558039/tmp.tgz /Users/jessicalord/.npm/822331ca-0912-0-11270332429558039-tmp-tgz.lock
27 silly gunzTarPerm modes [ '755', '644' ]
28 silly gunzTarPerm extractEntry package.json
29 silly gunzTarPerm extractEntry .npmignore
30 silly gunzTarPerm extractEntry README.md
31 silly gunzTarPerm extractEntry index.js
32 silly gunzTarPerm extractEntry makeTable.js
33 silly gunzTarPerm extractEntry table.md
34 silly lockFile ff7ff32b-0912-0-11270332429558039-package tar:///var/folders/tf/3n8vq7dx3md03s8xf6m7b2t80000gn/T/npm-19966-nNYEDA3T/1392187640912-0.11270332429558039/package
35 silly lockFile ff7ff32b-0912-0-11270332429558039-package tar:///var/folders/tf/3n8vq7dx3md03s8xf6m7b2t80000gn/T/npm-19966-nNYEDA3T/1392187640912-0.11270332429558039/package
36 silly lockFile 822331ca-0912-0-11270332429558039-tmp-tgz tar:///var/folders/tf/3n8vq7dx3md03s8xf6m7b2t80000gn/T/npm-19966-nNYEDA3T/1392187640912-0.11270332429558039/tmp.tgz
37 silly lockFile 822331ca-0912-0-11270332429558039-tmp-tgz tar:///var/folders/tf/3n8vq7dx3md03s8xf6m7b2t80000gn/T/npm-19966-nNYEDA3T/1392187640912-0.11270332429558039/tmp.tgz
38 verbose tar pack [ '/Users/jessicalord/.npm/sheetdown/0.1.3/package.tgz',
38 verbose tar pack   '/var/folders/tf/3n8vq7dx3md03s8xf6m7b2t80000gn/T/npm-19966-nNYEDA3T/1392187640912-0.11270332429558039/package' ]
39 verbose tarball /Users/jessicalord/.npm/sheetdown/0.1.3/package.tgz
40 verbose folder /var/folders/tf/3n8vq7dx3md03s8xf6m7b2t80000gn/T/npm-19966-nNYEDA3T/1392187640912-0.11270332429558039/package
41 silly lockFile ff7ff32b-0912-0-11270332429558039-package tar:///var/folders/tf/3n8vq7dx3md03s8xf6m7b2t80000gn/T/npm-19966-nNYEDA3T/1392187640912-0.11270332429558039/package
42 verbose lock tar:///var/folders/tf/3n8vq7dx3md03s8xf6m7b2t80000gn/T/npm-19966-nNYEDA3T/1392187640912-0.11270332429558039/package /Users/jessicalord/.npm/ff7ff32b-0912-0-11270332429558039-package.lock
43 silly lockFile d4e23669--npm-sheetdown-0-1-3-package-tgz tar:///Users/jessicalord/.npm/sheetdown/0.1.3/package.tgz
44 verbose lock tar:///Users/jessicalord/.npm/sheetdown/0.1.3/package.tgz /Users/jessicalord/.npm/d4e23669--npm-sheetdown-0-1-3-package-tgz.lock
45 silly lockFile ff7ff32b-0912-0-11270332429558039-package tar:///var/folders/tf/3n8vq7dx3md03s8xf6m7b2t80000gn/T/npm-19966-nNYEDA3T/1392187640912-0.11270332429558039/package
46 silly lockFile ff7ff32b-0912-0-11270332429558039-package tar:///var/folders/tf/3n8vq7dx3md03s8xf6m7b2t80000gn/T/npm-19966-nNYEDA3T/1392187640912-0.11270332429558039/package
47 silly lockFile d4e23669--npm-sheetdown-0-1-3-package-tgz tar:///Users/jessicalord/.npm/sheetdown/0.1.3/package.tgz
48 silly lockFile d4e23669--npm-sheetdown-0-1-3-package-tgz tar:///Users/jessicalord/.npm/sheetdown/0.1.3/package.tgz
49 silly lockFile c8c7bad8-lord-npm-sheetdown-0-1-3-package /Users/jessicalord/.npm/sheetdown/0.1.3/package
50 verbose lock /Users/jessicalord/.npm/sheetdown/0.1.3/package /Users/jessicalord/.npm/c8c7bad8-lord-npm-sheetdown-0-1-3-package.lock
51 silly lockFile c8c7bad8-lord-npm-sheetdown-0-1-3-package /Users/jessicalord/.npm/sheetdown/0.1.3/package
52 silly lockFile c8c7bad8-lord-npm-sheetdown-0-1-3-package /Users/jessicalord/.npm/sheetdown/0.1.3/package
53 verbose tar unpack /Users/jessicalord/.npm/sheetdown/0.1.3/package.tgz
54 silly lockFile 1c2f741b-lord-npm-sheetdown-0-1-3-package tar:///Users/jessicalord/.npm/sheetdown/0.1.3/package
55 verbose lock tar:///Users/jessicalord/.npm/sheetdown/0.1.3/package /Users/jessicalord/.npm/1c2f741b-lord-npm-sheetdown-0-1-3-package.lock
56 silly lockFile d4e23669--npm-sheetdown-0-1-3-package-tgz tar:///Users/jessicalord/.npm/sheetdown/0.1.3/package.tgz
57 verbose lock tar:///Users/jessicalord/.npm/sheetdown/0.1.3/package.tgz /Users/jessicalord/.npm/d4e23669--npm-sheetdown-0-1-3-package-tgz.lock
58 silly gunzTarPerm modes [ '755', '644' ]
59 silly gunzTarPerm extractEntry package.json
60 silly gunzTarPerm extractEntry .npmignore
61 silly gunzTarPerm extractEntry README.md
62 silly gunzTarPerm extractEntry index.js
63 silly gunzTarPerm extractEntry makeTable.js
64 silly gunzTarPerm extractEntry table.md
65 silly lockFile 1c2f741b-lord-npm-sheetdown-0-1-3-package tar:///Users/jessicalord/.npm/sheetdown/0.1.3/package
66 silly lockFile 1c2f741b-lord-npm-sheetdown-0-1-3-package tar:///Users/jessicalord/.npm/sheetdown/0.1.3/package
67 silly lockFile d4e23669--npm-sheetdown-0-1-3-package-tgz tar:///Users/jessicalord/.npm/sheetdown/0.1.3/package.tgz
68 silly lockFile d4e23669--npm-sheetdown-0-1-3-package-tgz tar:///Users/jessicalord/.npm/sheetdown/0.1.3/package.tgz
69 verbose chmod /Users/jessicalord/.npm/sheetdown/0.1.3/package.tgz 644
70 verbose chown /Users/jessicalord/.npm/sheetdown/0.1.3/package.tgz [ 501, 20 ]
71 silly lockFile 3a52ce78- .
72 silly lockFile 3a52ce78- .
73 silly publish { name: 'sheetdown',
73 silly publish   version: '0.1.3',
73 silly publish   description: 'Convert a Google Spreadsheet into a table in Markdown',
73 silly publish   main: 'index.js',
73 silly publish   scripts: { test: '' },
73 silly publish   repository: { type: 'git', url: 'http://github.com/jlord/sheetdown.git' },
73 silly publish   bugs: { url: 'http://github.com/jlord/sheetdown/issues' },
73 silly publish   bin: { sheetdown: './index.js' },
73 silly publish   author: { name: 'Jessica Lord' },
73 silly publish   license: 'BSD-2-Clause',
73 silly publish   dependencies:
73 silly publish    { request: '~2.33.0',
73 silly publish      'binary-csv': '~0.1.7',
73 silly publish      'concat-stream': '~1.4.1' },
73 silly publish   readme: '# sheetdown\n\nConvert a Google Spreadsheet into a table in Markdown. A [node.js](http://www.nodejs.org) module, available here and [NPM](http://www.npmjs.org/sheetdown).\n\n## To Use\n\nYou\'ll need [Node.js](http://www.nodejs.org) (and [NPM](http://www.npmjs.org/sheetdown), which in most cases comes bundled with Node.js). To get Node.js (for running JavaScript on servers (and in this case your computer is one)), go to [nodejs.org](http://www.nodejs.org) and click the icon that corresponds to your operating system. Install. When it\'s done, open Terminal (in Mac) or Command Prompt (Win) and proceed:\n\n#### Install sheetdown\n\nGlobally `-g` install it so that you can use it anywhere.\n\n```bash\nnpm install -g sheetdown\n```\n\n#### Make Tables\n\nUse your Spreadsheet key (see below)\n\nPrints to terminal:\n\n```bash\nsheetdown SPREADSHEETKEY\n```\n\nCopies the output (and then you can paste it):\n\n```bash\nsheetdown SPREADSHEETKEY | pbcopy\n```\n\n#### Save Table as Markdown file\n\nIt will save the file in the current working directory, so if you want it to be somewhere specific, navigate yourself there in your terminal.\n\n```bash\nsheetdown SPREADSHEETKEY --save\n```\n\n#### To Build\n\n```bash\ngit clone https://github.com/jlord/sheetdown.git\ncd sheetdown\nnpm install\n```\n\n### Get a Spreadsheet Key\n\nYou\'ll need an accessible* Google Spreadsheet:\n\n- From your Google Spreadsheet click File > Publish to Web (this makes it so the data can be fetched). Click Start Publishing.\n- It will return a url in the dialogue box, copy the portion that is your key.\n\nThe URL\n\n```bash\nhttps://docs.google.com/a/github.com/spreadsheet/ccc?key=0Ao5u1U6KYND7dGN5QngweVJUWE16bTRob0d2a3dCbnc#gid=0\n```\n\nThe Key\n\n```bash\n0Ao5u1U6KYND7dGN5QngweVJUWE16bTRob0d2a3dCbnc`\n```\n\n![key](https://raw.github.com/jllord/sheetsee-cache/master/img/key.png)\n\n*Accessible Google Spreadsheets are those with Share settings set to either \'Public on the Web\' or \'Anyone who has the link can view\'. Spreadsheets set to \'Shared Private\' cannot be reached because they\'re private, so they won\'t work.\n',
73 silly publish   readmeFilename: 'README.md',
73 silly publish   _id: 'sheetdown@0.1.3',
73 silly publish   dist: { shasum: 'f11ddfd32c50bdb46eb393b3c10d95cf2c82fa61' },
73 silly publish   _from: '.' }
74 verbose url raw sheetdown
75 verbose url resolving [ 'https://registry.npmjs.org/', './sheetdown' ]
76 verbose url resolved https://registry.npmjs.org/sheetdown
77 info trying registry request attempt 1 at 22:47:20
78 http PUT https://registry.npmjs.org/sheetdown
79 http 503 https://registry.npmjs.org/sheetdown
80 verbose bad json <?xml version="1.0" encoding="utf-8"?>
80 verbose bad json <!DOCTYPE html PUBLIC "-//W3C//DTD XHTML 1.0 Strict//EN"
80 verbose bad json  "http://www.w3.org/TR/xhtml1/DTD/xhtml1-strict.dtd">
80 verbose bad json <html>
80 verbose bad json   <head>
80 verbose bad json     <title>503 Connection timed out</title>
80 verbose bad json   </head>
80 verbose bad json   <body>
80 verbose bad json     <h1>Error 503 Connection timed out</h1>
80 verbose bad json     <p>Connection timed out</p>
80 verbose bad json     <h3>Guru Meditation:</h3>
80 verbose bad json     <p>XID: 1680631494</p>
80 verbose bad json     <hr>
80 verbose bad json     <p>Varnish cache server</p>
80 verbose bad json   </body>
80 verbose bad json </html>
81 error registry error parsing json
82 info retry will retry, error on last attempt: SyntaxError: Unexpected token <
82 info retry
82 info retry <?xml version="1.0" encoding="utf-8"?>
82 info retry <!DOCTYPE html PUBLIC "-//W3C//DTD XHTML 1.0 Strict//EN"
82 info retry  "http://www.w3.org/TR/xhtml1/DTD/xhtml1-strict.dtd">
82 info retry <html>
82 info retry   <head>
82 info retry     <title>503 Connection timed out</title>
82 info retry   </head>
82 info retry   <body>
82 info retry     <h1>Error 503 Connection timed out</h1>
82 info retry     <p>Connection timed out</p>
82 info retry     <h3>Guru Meditation:</h3>
82 info retry     <p>XID: 1680631494</p>
82 info retry     <hr>
82 info retry     <p>Varnish cache server</p>
82 info retry   </body>
82 info retry </html>
83 info trying registry request attempt 2 at 22:47:32
84 http PUT https://registry.npmjs.org/sheetdown
85 http 409 https://registry.npmjs.org/sheetdown
86 verbose url raw sheetdown
87 verbose url resolving [ 'https://registry.npmjs.org/', './sheetdown' ]
88 verbose url resolved https://registry.npmjs.org/sheetdown
89 info trying registry request attempt 1 at 22:47:32
90 http GET https://registry.npmjs.org/sheetdown
91 http 200 https://registry.npmjs.org/sheetdown
92 verbose uploading [ 'sheetdown/-/sheetdown-0.1.3.tgz/-rev/13-d71174bc80c477f00e7359967dd0427a',
92 verbose uploading   '/Users/jessicalord/.npm/sheetdown/0.1.3/package.tgz' ]
93 verbose url raw sheetdown/-/sheetdown-0.1.3.tgz/-rev/13-d71174bc80c477f00e7359967dd0427a
94 verbose url resolving [ 'https://registry.npmjs.org/',
94 verbose url resolving   './sheetdown/-/sheetdown-0.1.3.tgz/-rev/13-d71174bc80c477f00e7359967dd0427a' ]
95 verbose url resolved https://registry.npmjs.org/sheetdown/-/sheetdown-0.1.3.tgz/-rev/13-d71174bc80c477f00e7359967dd0427a
96 info trying registry request attempt 1 at 22:47:32
97 http PUT https://registry.npmjs.org/sheetdown/-/sheetdown-0.1.3.tgz/-rev/13-d71174bc80c477f00e7359967dd0427a
98 http 403 https://registry.npmjs.org/sheetdown/-/sheetdown-0.1.3.tgz/-rev/13-d71174bc80c477f00e7359967dd0427a
99 info trying registry request attempt 1 at 22:47:34
100 http PUT https://registry.npmjs.org/sheetdown/-/sheetdown-0.1.3.tgz/-rev/13-d71174bc80c477f00e7359967dd0427a
101 http 400 https://registry.npmjs.org/sheetdown/-/sheetdown-0.1.3.tgz/-rev/13-d71174bc80c477f00e7359967dd0427a
102 verbose bad json <!DOCTYPE HTML PUBLIC "-//IETF//DTD HTML 2.0//EN">
102 verbose bad json <html><head>
102 verbose bad json <title>400 Bad Request</title>
102 verbose bad json </head><body>
102 verbose bad json <h1>Bad Request</h1>
102 verbose bad json <p>Your browser sent a request that this server could not understand.<br />
102 verbose bad json </p>
102 verbose bad json </body></html>
103 error registry error parsing json
104 error publish Error uploading package
105 error SyntaxError: Unexpected token <
105 error <!DOCTYPE HTML PUBLIC "-//IETF//DTD HTML 2.0//EN">
105 error <html><head>
105 error <title>400 Bad Request</title>
105 error </head><body>
105 error <h1>Bad Request</h1>
105 error <p>Your browser sent a request that this server could not understand.<br />
105 error </p>
105 error </body></html>
105 error
105 error     at Object.parse (native)
105 error     at RegClient.<anonymous> (/opt/boxen/nodenv/versions/v0.10.21/lib/node_modules/npm/node_modules/npm-registry-client/lib/request.js:238:23)
105 error     at Request.self.callback (/opt/boxen/nodenv/versions/v0.10.21/lib/node_modules/npm/node_modules/request/request.js:129:22)
105 error     at Request.EventEmitter.emit (events.js:98:17)
105 error     at Request.<anonymous> (/opt/boxen/nodenv/versions/v0.10.21/lib/node_modules/npm/node_modules/request/request.js:873:14)
105 error     at Request.EventEmitter.emit (events.js:117:20)
105 error     at IncomingMessage.<anonymous> (/opt/boxen/nodenv/versions/v0.10.21/lib/node_modules/npm/node_modules/request/request.js:824:12)
105 error     at IncomingMessage.EventEmitter.emit (events.js:117:20)
105 error     at _stream_readable.js:920:16
105 error     at process._tickCallback (node.js:415:13)
106 error If you need help, you may report this log at:
106 error     <http://github.com/isaacs/npm/issues>
106 error or email it to:
106 error     <npm-@googlegroups.com>
107 error System Darwin 13.0.0
108 error command "/opt/boxen/nodenv/versions/v0.10/bin/node" "/opt/boxen/nodenv/versions/v0.10/bin/npm" "publish"
109 error cwd /Users/jessicalord/jCode/modules/spreadsheetToMdTable
110 error node -v v0.10.21
111 error npm -v 1.3.11
112 error type unexpected_token
113 verbose exit [ 1, true ]
